[GIN-debug] [WARNING] Running in "debug" mode. Switch to "release" mode in production.
 - using env:	export GIN_MODE=release
 - using code:	gin.SetMode(gin.ReleaseMode)

[GIN-debug] GET    /css/*filepath            --> github.com/gin-gonic/gin.(*RouterGroup).createStaticHandler.func1 (1 handlers)
[GIN-debug] HEAD   /css/*filepath            --> github.com/gin-gonic/gin.(*RouterGroup).createStaticHandler.func1 (1 handlers)
[GIN-debug] Loaded HTML Templates (4): 
	- 
	- footer.html
	- header.html
	- index.html

[GIN-debug] GET    /api/videos               --> main.main.func1 (6 handlers)
[GIN-debug] POST   /api/videos               --> main.main.func2 (6 handlers)
[GIN-debug] GET    /view/videos              --> github.com/meharifitih/go-gin/controller.VideoController.ShowAll-fm (5 handlers)
[GIN-debug] [WARNING] You trusted all proxies, this is NOT safe. We recommend you to set a value.
Please check https://pkg.go.dev/github.com/gin-gonic/gin#readme-don-t-trust-all-proxies for details.
[GIN-debug] Listening and serving HTTP on :8080
::1 - [22 Mar 22 09:34 EAT] GET / 401 2.9908ms 
::1 - [22 Mar 22 09:35 EAT] GET / 404 12.4871ms 
::1 - [22 Mar 22 09:35 EAT] GET /favicon.ico 404 5.3923ms 
::1 - [22 Mar 22 09:35 EAT] GET /api/videos 200 8.2365ms 
::1 - [22 Mar 22 09:35 EAT] GET /view/videos 200 11.7998ms 
127.0.0.1 - [22 Mar 22 09:35 EAT] GET /api/videos 200 11.6749ms 
127.0.0.1 - [22 Mar 22 09:36 EAT] POST /api/videos 400 6.6208ms 
127.0.0.1 - [22 Mar 22 09:39 EAT] POST /api/videos 200 5.6343ms 
127.0.0.1 - [22 Mar 22 09:39 EAT] POST /api/videos 200 9.8613ms 
::1 - [22 Mar 22 09:39 EAT] GET /view/videos 200 6.0542ms 
